2025-05-30 14:56:58 - SYSTEM - Database initialized successfully
2025-05-30 14:58:38 - SYSTEM - Database initialized successfully
2025-05-30 15:03:22 - SYSTEM - Database initialized successfully
2025-05-30 15:04:57 - SYSTEM - Database initialized successfully
2025-05-30 15:07:38 - SYSTEM - Database initialized successfully
2025-05-30 15:10:24 - SYSTEM - Database initialized successfully
2025-05-30 15:11:06 - USER_SAVE - User USR790394 saved
2025-05-30 15:11:21 - UPDATE_USER - Updated user: testuser
2025-05-30 15:14:43 - USER_SAVE - User USR403973 saved
2025-05-30 15:16:00 - UPDATE_USER - Updated user: alice
2025-05-30 16:42:41 - SYSTEM - Database initialized successfully
2025-05-30 22:47:24 - USER_SAVE - User USR200653 saved
2025-05-30 22:47:24 - USER_SAVE - User USR348073 saved
2025-05-30 22:50:41 - SYSTEM - Database initialized successfully
2025-05-30 23:10:45 - USER_SAVE - User USR213321 saved
2025-05-30 23:10:45 - USER_SAVE - User USR462967 saved
2025-05-30 23:23:17 - USER_SAVE - User USR948372 saved
2025-05-30 23:23:17 - USER_SAVE - User USR981764 saved
2025-05-30 23:24:22 - SYSTEM - Database initialized successfully
2025-05-30 23:25:32 - UPDATE_USER - Updated user: admin
2025-05-30 23:42:22 - SYSTEM - Database initialized successfully
2025-05-30 23:46:41 - SYSTEM - Database initialized successfully
2025-05-30 23:50:05 - SYSTEM - Database initialized successfully
2025-05-30 23:52:39 - SYSTEM - Database initialized successfully
2025-05-31 00:00:19 - SYSTEM - Database initialized successfully
2025-05-31 00:00:59 - UPDATE_USER - Updated user: admin
2025-05-31 00:04:20 - SYSTEM - Database initialized successfully
2025-05-31 00:04:23 - UPDATE_USER - Updated user: admin
2025-05-31 00:04:32 - UPDATE_USER - Updated user: admin
2025-05-31 00:11:13 - SYSTEM - Database initialized successfully
2025-05-31 11:30:49 - SYSTEM - Database initialized successfully
2025-05-31 11:32:37 - UPDATE_USER - Updated user: admin
2025-05-31 11:54:17 - SYSTEM - Database initialized successfully
2025-05-31 12:11:56 - SYSTEM - Database initialized successfully
2025-05-31 12:17:23 - SYSTEM - Database initialized successfully
2025-05-31 12:21:37 - SYSTEM - Database initialized successfully
2025-05-31 12:21:47 - ACCOUNT_SAVE - Account 659010697 saved
2025-05-31 12:21:47 - UPDATE_USER - Updated user: admin
2025-05-31 12:21:57 - UPDATE_ACCOUNT - Updated account: 659010697
2025-05-31 12:21:57 - TRANSACTION_SAVE - Transaction TXN609773335 saved
2025-05-31 12:22:24 - ACCOUNT_SAVE - Account 741079207 saved
2025-05-31 12:22:24 - UPDATE_USER - Updated user: admin
2025-05-31 12:22:24 - TRANSACTION_SAVE - Transaction TXN889742975 saved
2025-05-31 12:22:46 - UPDATE_ACCOUNT - Updated account: 659010697
2025-05-31 12:22:46 - UPDATE_ACCOUNT - Updated account: 741079207
2025-05-31 12:22:46 - TRANSACTION_SAVE - Transaction TXN328371189 saved
2025-05-31 12:23:33 - USER_SAVE - User USR439102 saved
2025-05-31 12:23:42 - UPDATE_USER - Updated user: arka
2025-05-31 12:23:53 - ACCOUNT_SAVE - Account 690696492 saved
2025-05-31 12:23:53 - UPDATE_USER - Updated user: arka
2025-05-31 12:23:53 - TRANSACTION_SAVE - Transaction TXN461138540 saved
2025-05-31 12:25:48 - UPDATE_ACCOUNT - Updated account: 741079207
2025-05-31 12:25:48 - UPDATE_ACCOUNT - Updated account: 690696492
2025-05-31 12:25:48 - TRANSACTION_SAVE - Transaction TXN139028167 saved
2025-05-31 12:38:49 - UPDATE_USER - Updated user: admin
2025-05-31 12:38:59 - ACCOUNT_SAVE - Account 723132502 saved
2025-05-31 12:38:59 - UPDATE_USER - Updated user: admin
2025-05-31 12:38:59 - TRANSACTION_SAVE - Transaction TXN377348291 saved
2025-05-31 12:39:31 - UPDATE_ACCOUNT - Updated account: 723132502
2025-05-31 12:39:31 - UPDATE_ACCOUNT - Updated account: 659010697
2025-05-31 12:39:31 - TRANSACTION_SAVE - Transaction TXN461784236 saved
2025-05-31 12:39:50 - UPDATE_USER - Updated user: arka
2025-05-31 12:40:03 - ACCOUNT_SAVE - Account 309136753 saved
2025-05-31 12:40:03 - UPDATE_USER - Updated user: arka
2025-05-31 12:40:03 - TRANSACTION_SAVE - Transaction TXN617608483 saved
2025-05-31 12:40:09 - UPDATE_ACCOUNT - Updated account: 309136753
2025-05-31 12:40:09 - TRANSACTION_SAVE - Transaction TXN866159396 saved
2025-05-31 12:40:29 - UPDATE_ACCOUNT - Updated account: 309136753
2025-05-31 12:40:29 - TRANSACTION_SAVE - Transaction TXN441680456 saved
2025-05-31 12:40:48 - UPDATE_ACCOUNT - Updated account: 690696492
2025-05-31 12:40:48 - UPDATE_ACCOUNT - Updated account: 659010697
2025-05-31 12:40:48 - TRANSACTION_SAVE - Transaction TXN340740869 saved
2025-05-31 12:41:02 - UPDATE_USER - Updated user: admin
2025-05-31 12:42:33 - SYSTEM - Database initialized successfully
